0 info it worked if it ends with ok
1 verbose cli [ 'C:\\Program Files\\nodejs\\node.exe',
1 verbose cli   'C:\\Program Files\\nodejs\\node_modules\\npm\\bin\\npm-cli.js',
1 verbose cli   'run',
1 verbose cli   'server' ]
2 info using npm@3.10.10
3 info using node@v6.10.3
4 verbose run-script [ 'preserver', 'server', 'postserver' ]
5 info lifecycle qq@1.0.0~preserver: qq@1.0.0
6 silly lifecycle qq@1.0.0~preserver: no script for preserver, continuing
7 info lifecycle qq@1.0.0~server: qq@1.0.0
8 verbose lifecycle qq@1.0.0~server: unsafe-perm in lifecycle true
9 verbose lifecycle qq@1.0.0~server: PATH: C:\Program Files\nodejs\node_modules\npm\bin\node-gyp-bin;E:\xampp\htdocs\QQ\server\node_modules\.bin;C:\ProgramData\Oracle\Java\javapath;C:\Program Files (x86)\Common Files\NetSarang;C:\Program Files (x86)\AMD APP\bin\x86_64;C:\Program Files (x86)\AMD APP\bin\x86;C:\Windows\system32;C:\Windows;C:\Windows\System32\Wbem;C:\Windows\System32\WindowsPowerShell\v1.0\;C:\Program Files (x86)\ATI Technologies\ATI.ACE\Core-Static;E:\java\jdk\bin;E:\java\jdk\jre\bin;F:\课程资料\svn\bin;C:\;rogram Files\nodejs\;F:\Git\cmd;C:\Program Files\nodejs\;C:\Users\MT\AppData\Roaming\npm
10 verbose lifecycle qq@1.0.0~server: CWD: E:\xampp\htdocs\QQ\server
11 silly lifecycle qq@1.0.0~server: Args: [ '/d /s /c', 'node dist/server.js' ]
12 silly lifecycle qq@1.0.0~server: Returned: code: 3221225786  signal: null
13 info lifecycle qq@1.0.0~server: Failed to exec server script
14 verbose stack Error: qq@1.0.0 server: `node dist/server.js`
14 verbose stack Exit status 3221225786
14 verbose stack     at EventEmitter.<anonymous> (C:\Program Files\nodejs\node_modules\npm\lib\utils\lifecycle.js:255:16)
14 verbose stack     at emitTwo (events.js:106:13)
14 verbose stack     at EventEmitter.emit (events.js:191:7)
14 verbose stack     at ChildProcess.<anonymous> (C:\Program Files\nodejs\node_modules\npm\lib\utils\spawn.js:40:14)
14 verbose stack     at emitTwo (events.js:106:13)
14 verbose stack     at ChildProcess.emit (events.js:191:7)
14 verbose stack     at maybeClose (internal/child_process.js:886:16)
14 verbose stack     at Process.ChildProcess._handle.onexit (internal/child_process.js:226:5)
15 verbose pkgid qq@1.0.0
16 verbose cwd E:\xampp\htdocs\QQ\server
17 error Windows_NT 6.1.7601
18 error argv "C:\\Program Files\\nodejs\\node.exe" "C:\\Program Files\\nodejs\\node_modules\\npm\\bin\\npm-cli.js" "run" "server"
19 error node v6.10.3
20 error npm  v3.10.10
21 error code ELIFECYCLE
22 error qq@1.0.0 server: `node dist/server.js`
22 error Exit status 3221225786
23 error Failed at the qq@1.0.0 server script 'node dist/server.js'.
23 error Make sure you have the latest version of node.js and npm installed.
23 error If you do, this is most likely a problem with the qq package,
23 error not with npm itself.
23 error Tell the author that this fails on your system:
23 error     node dist/server.js
23 error You can get information on how to open an issue for this project with:
23 error     npm bugs qq
23 error Or if that isn't available, you can get their info via:
23 error     npm owner ls qq
23 error There is likely additional logging output above.
24 verbose exit [ 1, true ]
